# JRE version: 7.0_25-b15
# Java VM: Java HotSpot(TM) 64-Bit Server VM (23.25-b01 mixed mode bsd-amd64 compressed oops)
Heap
 def new generation   total 37440K, used 17227K [0x00000007dae00000, 0x00000007dd6a0000, 0x00000007e58a0000)
  eden space 33280K,  49% used [0x00000007dae00000, 0x00000007dbe17848, 0x00000007dce80000)
  from space 4160K,  18% used [0x00000007dce80000, 0x00000007dcf3b688, 0x00000007dd290000)
  to   space 4160K,   0% used [0x00000007dd290000, 0x00000007dd290000, 0x00000007dd6a0000)
 tenured generation   total 83096K, used 66659K [0x00000007e58a0000, 0x00000007ea9c6000, 0x00000007fae00000)
   the space 83096K,  80% used [0x00000007e58a0000, 0x00000007e99b8df0, 0x00000007e99b8e00, 0x00000007ea9c6000)
 compacting perm gen  total 24768K, used 24704K [0x00000007fae00000, 0x00000007fc630000, 0x0000000800000000)
   the space 24768K,  99% used [0x00000007fae00000, 0x00000007fc6202e0, 0x00000007fc620400, 0x00000007fc630000)
GC Heap History (10 events):
Event: 7090.693 GC heap before
{Heap before GC invocations=39 (full 2):
 def new generation   total 37440K, used 37410K [0x00000007dae00000, 0x00000007dd6a0000, 0x00000007e58a0000)
  eden space 33280K, 100% used [0x00000007dae00000, 0x00000007dce80000, 0x00000007dce80000)
  from space 4160K,  99% used [0x00000007dd290000, 0x00000007dd698af8, 0x00000007dd6a0000)
  to   space 4160K,   0% used [0x00000007dce80000, 0x00000007dce80000, 0x00000007dd290000)
 tenured generation   total 83096K, used 62649K [0x00000007e58a0000, 0x00000007ea9c6000, 0x00000007fae00000)
   the space 83096K,  75% used [0x00000007e58a0000, 0x00000007e95ce668, 0x00000007e95ce800, 0x00000007ea9c6000)
 compacting perm gen  total 23488K, used 23396K [0x00000007fae00000, 0x00000007fc4f0000, 0x0000000800000000)
   the space 23488K,  99% used [0x00000007fae00000, 0x00000007fc4d9328, 0x00000007fc4d9400, 0x00000007fc4f0000)
No shared spaces configured.
Event: 7091.816 GC heap after
Heap after GC invocations=40 (full 2):
 def new generation   total 37440K, used 481K [0x00000007dae00000, 0x00000007dd6a0000, 0x00000007e58a0000)
  eden space 33280K,   0% used [0x00000007dae00000, 0x00000007dae00000, 0x00000007dce80000)
  from space 4160K,  11% used [0x00000007dce80000, 0x00000007dcef85b0, 0x00000007dd290000)
  to   space 4160K,   0% used [0x00000007dd290000, 0x00000007dd290000, 0x00000007dd6a0000)
 tenured generation   total 83096K, used 66659K [0x00000007e58a0000, 0x00000007ea9c6000, 0x00000007fae00000)
   the space 83096K,  80% used [0x00000007e58a0000, 0x00000007e99b8df0, 0x00000007e99b8e00, 0x00000007ea9c6000)
 compacting perm gen  total 23488K, used 23396K [0x00000007fae00000, 0x00000007fc4f0000, 0x0000000800000000)
   the space 23488K,  99% used [0x00000007fae00000, 0x00000007fc4d9328, 0x00000007fc4d9400, 0x00000007fc4f0000)
No shared spaces configured.
}
Event: 7280.218 GC heap before
{Heap before GC invocations=40 (full 2):
 def new generation   total 37440K, used 33761K [0x00000007dae00000, 0x00000007dd6a0000, 0x00000007e58a0000)
  eden space 33280K, 100% used [0x00000007dae00000, 0x00000007dce80000, 0x00000007dce80000)
  from space 4160K,  11% used [0x00000007dce80000, 0x00000007dcef85b0, 0x00000007dd290000)
  to   space 4160K,   0% used [0x00000007dd290000, 0x00000007dd290000, 0x00000007dd6a0000)
 tenured generation   total 83096K, used 66659K [0x00000007e58a0000, 0x00000007ea9c6000, 0x00000007fae00000)
   the space 83096K,  80% used [0x00000007e58a0000, 0x00000007e99b8df0, 0x00000007e99b8e00, 0x00000007ea9c6000)
 compacting perm gen  total 24448K, used 24339K [0x00000007fae00000, 0x00000007fc5e0000, 0x0000000800000000)
   the space 24448K,  99% used [0x00000007fae00000, 0x00000007fc5c4d40, 0x00000007fc5c4e00, 0x00000007fc5e0000)
No shared spaces configured.
Event: 7280.256 GC heap after
Heap after GC invocations=41 (full 2):
 def new generation   total 37440K, used 916K [0x00000007dae00000, 0x00000007dd6a0000, 0x00000007e58a0000)
  eden space 33280K,   0% used [0x00000007dae00000, 0x00000007dae00000, 0x00000007dce80000)
  from space 4160K,  22% used [0x00000007dd290000, 0x00000007dd375370, 0x00000007dd6a0000)
  to   space 4160K,   0% used [0x00000007dce80000, 0x00000007dce80000, 0x00000007dd290000)
 tenured generation   total 83096K, used 66659K [0x00000007e58a0000, 0x00000007ea9c6000, 0x00000007fae00000)
   the space 83096K,  80% used [0x00000007e58a0000, 0x00000007e99b8df0, 0x00000007e99b8e00, 0x00000007ea9c6000)
 compacting perm gen  total 24448K, used 24339K [0x00000007fae00000, 0x00000007fc5e0000, 0x0000000800000000)
   the space 24448K,  99% used [0x00000007fae00000, 0x00000007fc5c4d40, 0x00000007fc5c4e00, 0x00000007fc5e0000)
No shared spaces configured.
}
Event: 7966.618 GC heap before
{Heap before GC invocations=41 (full 2):
 def new generation   total 37440K, used 34196K [0x00000007dae00000, 0x00000007dd6a0000, 0x00000007e58a0000)
  eden space 33280K, 100% used [0x00000007dae00000, 0x00000007dce80000, 0x00000007dce80000)
  from space 4160K,  22% used [0x00000007dd290000, 0x00000007dd375370, 0x00000007dd6a0000)
  to   space 4160K,   0% used [0x00000007dce80000, 0x00000007dce80000, 0x00000007dd290000)
 tenured generation   total 83096K, used 66659K [0x00000007e58a0000, 0x00000007ea9c6000, 0x00000007fae00000)
   the space 83096K,  80% used [0x00000007e58a0000, 0x00000007e99b8df0, 0x00000007e99b8e00, 0x00000007ea9c6000)
 compacting perm gen  total 24448K, used 24368K [0x00000007fae00000, 0x00000007fc5e0000, 0x0000000800000000)
   the space 24448K,  99% used [0x00000007fae00000, 0x00000007fc5cc200, 0x00000007fc5cc200, 0x00000007fc5e0000)
No shared spaces configured.
Event: 7966.746 GC heap after
Heap after GC invocations=42 (full 2):
 def new generation   total 37440K, used 1912K [0x00000007dae00000, 0x00000007dd6a0000, 0x00000007e58a0000)
  eden space 33280K,   0% used [0x00000007dae00000, 0x00000007dae00000, 0x00000007dce80000)
  from space 4160K,  45% used [0x00000007dce80000, 0x00000007dd05e138, 0x00000007dd290000)
  to   space 4160K,   0% used [0x00000007dd290000, 0x00000007dd290000, 0x00000007dd6a0000)
 tenured generation   total 83096K, used 66659K [0x00000007e58a0000, 0x00000007ea9c6000, 0x00000007fae00000)
   the space 83096K,  80% used [0x00000007e58a0000, 0x00000007e99b8df0, 0x00000007e99b8e00, 0x00000007ea9c6000)
 compacting perm gen  total 24448K, used 24368K [0x00000007fae00000, 0x00000007fc5e0000, 0x0000000800000000)
   the space 24448K,  99% used [0x00000007fae00000, 0x00000007fc5cc200, 0x00000007fc5cc200, 0x00000007fc5e0000)
No shared spaces configured.
}
Event: 9068.065 GC heap before
{Heap before GC invocations=42 (full 2):
 def new generation   total 37440K, used 35192K [0x00000007dae00000, 0x00000007dd6a0000, 0x00000007e58a0000)
  eden space 33280K, 100% used [0x00000007dae00000, 0x00000007dce80000, 0x00000007dce80000)
  from space 4160K,  45% used [0x00000007dce80000, 0x00000007dd05e138, 0x00000007dd290000)
  to   space 4160K,   0% used [0x00000007dd290000, 0x00000007dd290000, 0x00000007dd6a0000)
 tenured generation   total 83096K, used 66659K [0x00000007e58a0000, 0x00000007ea9c6000, 0x00000007fae00000)
   the space 83096K,  80% used [0x00000007e58a0000, 0x00000007e99b8df0, 0x00000007e99b8e00, 0x00000007ea9c6000)
 compacting perm gen  total 24768K, used 24461K [0x00000007fae00000, 0x00000007fc630000, 0x0000000800000000)
   the space 24768K,  98% used [0x00000007fae00000, 0x00000007fc5e37d8, 0x00000007fc5e3800, 0x00000007fc630000)
No shared spaces configured.
Event: 9068.097 GC heap after
Heap after GC invocations=43 (full 2):
 def new generation   total 37440K, used 988K [0x00000007dae00000, 0x00000007dd6a0000, 0x00000007e58a0000)
  eden space 33280K,   0% used [0x00000007dae00000, 0x00000007dae00000, 0x00000007dce80000)
  from space 4160K,  23% used [0x00000007dd290000, 0x00000007dd387188, 0x00000007dd6a0000)
  to   space 4160K,   0% used [0x00000007dce80000, 0x00000007dce80000, 0x00000007dd290000)
 tenured generation   total 83096K, used 66659K [0x00000007e58a0000, 0x00000007ea9c6000, 0x00000007fae00000)
   the space 83096K,  80% used [0x00000007e58a0000, 0x00000007e99b8df0, 0x00000007e99b8e00, 0x00000007ea9c6000)
 compacting perm gen  total 24768K, used 24461K [0x00000007fae00000, 0x00000007fc630000, 0x0000000800000000)
   the space 24768K,  98% used [0x00000007fae00000, 0x00000007fc5e37d8, 0x00000007fc5e3800, 0x00000007fc630000)
No shared spaces configured.
}
Event: 9076.909 GC heap before
{Heap before GC invocations=43 (full 2):
 def new generation   total 37440K, used 34268K [0x00000007dae00000, 0x00000007dd6a0000, 0x00000007e58a0000)
  eden space 33280K, 100% used [0x00000007dae00000, 0x00000007dce80000, 0x00000007dce80000)
  from space 4160K,  23% used [0x00000007dd290000, 0x00000007dd387188, 0x00000007dd6a0000)
  to   space 4160K,   0% used [0x00000007dce80000, 0x00000007dce80000, 0x00000007dd290000)
 tenured generation   total 83096K, used 66659K [0x00000007e58a0000, 0x00000007ea9c6000, 0x00000007fae00000)
   the space 83096K,  80% used [0x00000007e58a0000, 0x00000007e99b8df0, 0x00000007e99b8e00, 0x00000007ea9c6000)
 compacting perm gen  total 24768K, used 24495K [0x00000007fae00000, 0x00000007fc630000, 0x0000000800000000)
   the space 24768K,  98% used [0x00000007fae00000, 0x00000007fc5ebd00, 0x00000007fc5ebe00, 0x00000007fc630000)
No shared spaces configured.
Event: 9076.916 GC heap after
Heap after GC invocations=44 (full 2):
 def new generation   total 37440K, used 749K [0x00000007dae00000, 0x00000007dd6a0000, 0x00000007e58a0000)
  eden space 33280K,   0% used [0x00000007dae00000, 0x00000007dae00000, 0x00000007dce80000)
  from space 4160K,  18% used [0x00000007dce80000, 0x00000007dcf3b688, 0x00000007dd290000)
  to   space 4160K,   0% used [0x00000007dd290000, 0x00000007dd290000, 0x00000007dd6a0000)
 tenured generation   total 83096K, used 66659K [0x00000007e58a0000, 0x00000007ea9c6000, 0x00000007fae00000)
   the space 83096K,  80% used [0x00000007e58a0000, 0x00000007e99b8df0, 0x00000007e99b8e00, 0x00000007ea9c6000)
 compacting perm gen  total 24768K, used 24495K [0x00000007fae00000, 0x00000007fc630000, 0x0000000800000000)
   the space 24768K,  98% used [0x00000007fae00000, 0x00000007fc5ebd00, 0x00000007fc5ebe00, 0x00000007fc630000)
No shared spaces configured.
}

